# JRE version: OpenJDK Runtime Environment (8.0_382-b05) (build 1.8.0_382-b05)
# Java VM: OpenJDK 64-Bit Server VM (25.382-b05 mixed mode windows-amd64 compressed oops)
Heap:
 PSYoungGen      total 132096K, used 13359K [0x00000000d6f80000, 0x00000000df580000, 0x0000000100000000)
  eden space 126976K, 10% used [0x00000000d6f80000,0x00000000d7c8bf58,0x00000000deb80000)
  from space 5120K, 0% used [0x00000000df080000,0x00000000df080000,0x00000000df580000)
  to   space 5120K, 0% used [0x00000000deb80000,0x00000000deb80000,0x00000000df080000)
 ParOldGen       total 83456K, used 17352K [0x0000000084e00000, 0x0000000089f80000, 0x00000000d6f80000)
  object space 83456K, 20% used [0x0000000084e00000,0x0000000085ef21c0,0x0000000089f80000)
 Metaspace       used 21780K, capacity 22040K, committed 22400K, reserved 1069056K
  class space    used 2753K, capacity 2856K, committed 2944K, reserved 1048576K
GC Heap History (10 events):
Event: 0.350 GC heap before
{Heap before GC invocations=1 (full 0):
 PSYoungGen      total 36864K, used 31744K [0x00000000d6f80000, 0x00000000d9880000, 0x0000000100000000)
  eden space 31744K, 100% used [0x00000000d6f80000,0x00000000d8e80000,0x00000000d8e80000)
  from space 5120K, 0% used [0x00000000d9380000,0x00000000d9380000,0x00000000d9880000)
  to   space 5120K, 0% used [0x00000000d8e80000,0x00000000d8e80000,0x00000000d9380000)
 ParOldGen       total 84992K, used 0K [0x0000000084e00000, 0x000000008a100000, 0x00000000d6f80000)
  object space 84992K, 0% used [0x0000000084e00000,0x0000000084e00000,0x000000008a100000)
 Metaspace       used 7220K, capacity 7394K, committed 7552K, reserved 1056768K
  class space    used 791K, capacity 869K, committed 896K, reserved 1048576K
Event: 0.354 GC heap after
Heap after GC invocations=1 (full 0):
 PSYoungGen      total 36864K, used 5109K [0x00000000d6f80000, 0x00000000db780000, 0x0000000100000000)
  eden space 31744K, 0% used [0x00000000d6f80000,0x00000000d6f80000,0x00000000d8e80000)
  from space 5120K, 99% used [0x00000000d8e80000,0x00000000d937d538,0x00000000d9380000)
  to   space 5120K, 0% used [0x00000000db280000,0x00000000db280000,0x00000000db780000)
 ParOldGen       total 84992K, used 2625K [0x0000000084e00000, 0x000000008a100000, 0x00000000d6f80000)
  object space 84992K, 3% used [0x0000000084e00000,0x00000000850907e0,0x000000008a100000)
 Metaspace       used 7220K, capacity 7394K, committed 7552K, reserved 1056768K
  class space    used 791K, capacity 869K, committed 896K, reserved 1048576K
}
Event: 0.546 GC heap before
{Heap before GC invocations=2 (full 0):
 PSYoungGen      total 36864K, used 36853K [0x00000000d6f80000, 0x00000000db780000, 0x0000000100000000)
  eden space 31744K, 100% used [0x00000000d6f80000,0x00000000d8e80000,0x00000000d8e80000)
  from space 5120K, 99% used [0x00000000d8e80000,0x00000000d937d538,0x00000000d9380000)
  to   space 5120K, 0% used [0x00000000db280000,0x00000000db280000,0x00000000db780000)
 ParOldGen       total 84992K, used 2625K [0x0000000084e00000, 0x000000008a100000, 0x00000000d6f80000)
  object space 84992K, 3% used [0x0000000084e00000,0x00000000850907e0,0x000000008a100000)
 Metaspace       used 10013K, capacity 10196K, committed 10368K, reserved 1058816K
  class space    used 1195K, capacity 1288K, committed 1408K, reserved 1048576K
Event: 0.551 GC heap after
Heap after GC invocations=2 (full 0):
 PSYoungGen      total 68608K, used 5089K [0x00000000d6f80000, 0x00000000db780000, 0x0000000100000000)
  eden space 63488K, 0% used [0x00000000d6f80000,0x00000000d6f80000,0x00000000dad80000)
  from space 5120K, 99% used [0x00000000db280000,0x00000000db7787f0,0x00000000db780000)
  to   space 5120K, 0% used [0x00000000dad80000,0x00000000dad80000,0x00000000db280000)
 ParOldGen       total 84992K, used 9726K [0x0000000084e00000, 0x000000008a100000, 0x00000000d6f80000)
  object space 84992K, 11% used [0x0000000084e00000,0x000000008577fa50,0x000000008a100000)
 Metaspace       used 10013K, capacity 10196K, committed 10368K, reserved 1058816K
  class space    used 1195K, capacity 1288K, committed 1408K, reserved 1048576K
}
Event: 1.045 GC heap before
{Heap before GC invocations=3 (full 0):
 PSYoungGen      total 68608K, used 68577K [0x00000000d6f80000, 0x00000000db780000, 0x0000000100000000)
  eden space 63488K, 100% used [0x00000000d6f80000,0x00000000dad80000,0x00000000dad80000)
  from space 5120K, 99% used [0x00000000db280000,0x00000000db7787f0,0x00000000db780000)
  to   space 5120K, 0% used [0x00000000dad80000,0x00000000dad80000,0x00000000db280000)
 ParOldGen       total 84992K, used 9726K [0x0000000084e00000, 0x000000008a100000, 0x00000000d6f80000)
  object space 84992K, 11% used [0x0000000084e00000,0x000000008577fa50,0x000000008a100000)
 Metaspace       used 17358K, capacity 17526K, committed 17664K, reserved 1064960K
  class space    used 2217K, capacity 2291K, committed 2304K, reserved 1048576K
Event: 1.053 GC heap after
Heap after GC invocations=3 (full 0):
 PSYoungGen      total 68608K, used 5106K [0x00000000d6f80000, 0x00000000df580000, 0x0000000100000000)
  eden space 63488K, 0% used [0x00000000d6f80000,0x00000000d6f80000,0x00000000dad80000)
  from space 5120K, 99% used [0x00000000dad80000,0x00000000db27c930,0x00000000db280000)
  to   space 5120K, 0% used [0x00000000df080000,0x00000000df080000,0x00000000df580000)
 ParOldGen       total 84992K, used 21886K [0x0000000084e00000, 0x000000008a100000, 0x00000000d6f80000)
  object space 84992K, 25% used [0x0000000084e00000,0x000000008635f9d8,0x000000008a100000)
 Metaspace       used 17358K, capacity 17526K, committed 17664K, reserved 1064960K
  class space    used 2217K, capacity 2291K, committed 2304K, reserved 1048576K
}
Event: 2.047 GC heap before
{Heap before GC invocations=4 (full 0):
 PSYoungGen      total 68608K, used 45653K [0x00000000d6f80000, 0x00000000df580000, 0x0000000100000000)
  eden space 63488K, 63% used [0x00000000d6f80000,0x00000000d9718af0,0x00000000dad80000)
  from space 5120K, 99% used [0x00000000dad80000,0x00000000db27c930,0x00000000db280000)
  to   space 5120K, 0% used [0x00000000df080000,0x00000000df080000,0x00000000df580000)
 ParOldGen       total 84992K, used 21886K [0x0000000084e00000, 0x000000008a100000, 0x00000000d6f80000)
  object space 84992K, 25% used [0x0000000084e00000,0x000000008635f9d8,0x000000008a100000)
 Metaspace       used 20816K, capacity 21074K, committed 21248K, reserved 1067008K
  class space    used 2644K, capacity 2727K, committed 2816K, reserved 1048576K
Event: 2.056 GC heap after
Heap after GC invocations=4 (full 0):
 PSYoungGen      total 132096K, used 5097K [0x00000000d6f80000, 0x00000000df580000, 0x0000000100000000)
  eden space 126976K, 0% used [0x00000000d6f80000,0x00000000d6f80000,0x00000000deb80000)
  from space 5120K, 99% used [0x00000000df080000,0x00000000df57a558,0x00000000df580000)
  to   space 5120K, 0% used [0x00000000deb80000,0x00000000deb80000,0x00000000df080000)
 ParOldGen       total 84992K, used 27588K [0x0000000084e00000, 0x000000008a100000, 0x00000000d6f80000)
  object space 84992K, 32% used [0x0000000084e00000,0x00000000868f1208,0x000000008a100000)
 Metaspace       used 20816K, capacity 21074K, committed 21248K, reserved 1067008K
  class space    used 2644K, capacity 2727K, committed 2816K, reserved 1048576K
}
Event: 2.056 GC heap before
{Heap before GC invocations=5 (full 1):
 PSYoungGen      total 132096K, used 5097K [0x00000000d6f80000, 0x00000000df580000, 0x0000000100000000)
  eden space 126976K, 0% used [0x00000000d6f80000,0x00000000d6f80000,0x00000000deb80000)
  from space 5120K, 99% used [0x00000000df080000,0x00000000df57a558,0x00000000df580000)
  to   space 5120K, 0% used [0x00000000deb80000,0x00000000deb80000,0x00000000df080000)
 ParOldGen       total 84992K, used 27588K [0x0000000084e00000, 0x000000008a100000, 0x00000000d6f80000)
  object space 84992K, 32% used [0x0000000084e00000,0x00000000868f1208,0x000000008a100000)
 Metaspace       used 20816K, capacity 21074K, committed 21248K, reserved 1067008K
  class space    used 2644K, capacity 2727K, committed 2816K, reserved 1048576K
Event: 2.119 GC heap after
Heap after GC invocations=5 (full 1):
 PSYoungGen      total 132096K, used 0K [0x00000000d6f80000, 0x00000000df580000, 0x0000000100000000)
  eden space 126976K, 0% used [0x00000000d6f80000,0x00000000d6f80000,0x00000000deb80000)
  from space 5120K, 0% used [0x00000000df080000,0x00000000df080000,0x00000000df580000)
  to   space 5120K, 0% used [0x00000000deb80000,0x00000000deb80000,0x00000000df080000)
 ParOldGen       total 83456K, used 17352K [0x0000000084e00000, 0x0000000089f80000, 0x00000000d6f80000)
  object space 83456K, 20% used [0x0000000084e00000,0x0000000085ef21c0,0x0000000089f80000)
 Metaspace       used 20816K, capacity 21074K, committed 21248K, reserved 1067008K
  class space    used 2644K, capacity 2727K, committed 2816K, reserved 1048576K
}

